<?xml version="1.0" encoding="UTF-8"?>
<!-- Generated by org.testng.reporters.JUnitReportReporter -->
<testsuite hostname="DESKTOP-PCH3F9Q" failures="0" tests="7" name="com.rameshsoft.corejava.Job" time="69.568" errors="0" timestamp="25 Sep 2024 02:13:28 GMT" skipped="0">
  <testcase classname="com.rameshsoft.corejava.Job" name="hardwork" time="0.004"/>
  <testcase classname="com.rameshsoft.corejava.Job" name="gmailTest" time="11.187"/>
  <testcase classname="com.rameshsoft.corejava.Job" name="gmailTest" time="15.143"/>
  <testcase classname="com.rameshsoft.corejava.Job" name="gmailTest" time="11.824"/>
  <testcase classname="com.rameshsoft.corejava.Job" name="gmailTest" time="15.850"/>
  <testcase classname="com.rameshsoft.corejava.Job" name="abc" time="0.005"/>
  <testcase classname="com.rameshsoft.corejava.Job" name="gmailTest" time="15.555"/>
</testsuite> <!-- com.rameshsoft.corejava.Job -->
