<?xml version="1.0" encoding="UTF-8"?>
<!-- Generated by org.testng.reporters.JUnitReportReporter -->
<testsuite hostname="DESKTOP-PCH3F9Q" failures="0" tests="2" name="com.rameshsoft.seleniumcore.Hardwork2" time="0.019" errors="0" timestamp="27 Sep 2024 02:19:54 GMT" skipped="0">
  <testcase classname="com.rameshsoft.seleniumcore.Hardwork2" name="job1" time="0.016"/>
  <testcase classname="com.rameshsoft.seleniumcore.Hardwork2" name="job2" time="0.003"/>
</testsuite> <!-- com.rameshsoft.seleniumcore.Hardwork2 -->
