<?xml version="1.0" encoding="UTF-8"?>
<!-- Generated by org.testng.reporters.JUnitReportReporter -->
<testsuite hostname="DESKTOP-PCH3F9Q" failures="0" tests="2" name="com.rameshsoft.seleniumadv.Job2" time="0.011" errors="0" timestamp="27 Sep 2024 02:19:54 GMT" skipped="0">
  <testcase classname="com.rameshsoft.seleniumadv.Job2" name="practice1" time="0.009"/>
  <testcase classname="com.rameshsoft.seleniumadv.Job2" name="practice2" time="0.002"/>
</testsuite> <!-- com.rameshsoft.seleniumadv.Job2 -->
