<?xml version="1.0" encoding="UTF-8"?>
<!-- Generated by org.testng.reporters.JUnitReportReporter -->
<testsuite hostname="DESKTOP-PCH3F9Q" failures="0" tests="1" name="com.rameshsoft.seleniumcore.Hardwork1" time="0.005" errors="0" timestamp="27 Sep 2024 02:19:31 GMT" skipped="0">
  <testcase classname="com.rameshsoft.seleniumcore.Hardwork1" name="job2" time="0.005"/>
</testsuite> <!-- com.rameshsoft.seleniumcore.Hardwork1 -->
