<?xml version="1.0" encoding="UTF-8"?>
<!-- Generated by org.testng.reporters.JUnitReportReporter -->
<testsuite hostname="DESKTOP-PCH3F9Q" failures="0" tests="1" name="com.rameshsoft.seleniumjava.Practice2" time="0.003" errors="0" timestamp="27 Sep 2024 02:10:23 GMT" skipped="0">
  <testcase classname="com.rameshsoft.seleniumjava.Practice2" name="practice1" time="0.003"/>
</testsuite> <!-- com.rameshsoft.seleniumjava.Practice2 -->
