<?xml version="1.0" encoding="UTF-8"?>
<!-- Generated by org.testng.reporters.JUnitReportReporter -->
<testsuite hostname="DESKTOP-PCH3F9Q" failures="0" tests="6" name="com.rameshsoft.seleniumjava.DataProviderProg" time="0.048" errors="0" timestamp="30 Sep 2024 02:17:54 GMT" skipped="0">
  <testcase classname="com.rameshsoft.seleniumjava.DataProviderProg" name="hardwork" time="0.015"/>
  <testcase classname="com.rameshsoft.seleniumjava.DataProviderProg" name="hardwork" time="0.003"/>
  <testcase classname="com.rameshsoft.seleniumjava.DataProviderProg" name="hardwork" time="0.011"/>
  <testcase classname="com.rameshsoft.seleniumjava.DataProviderProg" name="hardwork" time="0.005"/>
  <testcase classname="com.rameshsoft.seleniumjava.DataProviderProg" name="hardwork" time="0.005"/>
  <testcase classname="com.rameshsoft.seleniumjava.DataProviderProg" name="hardwork" time="0.009"/>
</testsuite> <!-- com.rameshsoft.seleniumjava.DataProviderProg -->
