<?xml version="1.0" encoding="UTF-8"?>
<!-- Generated by org.testng.reporters.JUnitReportReporter -->
<testsuite hostname="DESKTOP-PCH3F9Q" failures="0" tests="5" name="com.rameshsoft.seleniumjava.ParametersProg" time="0.027" errors="0" timestamp="30 Sep 2024 02:06:23 GMT" skipped="0">
  <testcase classname="com.rameshsoft.seleniumjava.ParametersProg" name="hardwork" time="0.003"/>
  <testcase classname="com.rameshsoft.seleniumjava.ParametersProg" name="hardwork" time="0.002"/>
  <testcase classname="com.rameshsoft.seleniumjava.ParametersProg" name="hardwork" time="0.005"/>
  <testcase classname="com.rameshsoft.seleniumjava.ParametersProg" name="hardwork" time="0.015"/>
  <testcase classname="com.rameshsoft.seleniumjava.ParametersProg" name="hardwork" time="0.002"/>
</testsuite> <!-- com.rameshsoft.seleniumjava.ParametersProg -->
